-------------------------------------------------------------------------------
Test set: TestSuite
-------------------------------------------------------------------------------
Tests run: 1, Failures: 1, Errors: 0, Skipped: 0, Time elapsed: 0.831 s <<< FAILURE! - in TestSuite
launchChrome(com.tests.NewTest2)  Time elapsed: 0.106 s  <<< FAILURE!
java.lang.NoClassDefFoundError: com/google/common/collect/ImmutableMap
	at com.tests.NewTest2.launchChrome(NewTest2.java:20)
Caused by: java.lang.ClassNotFoundException: com.google.common.collect.ImmutableMap
	at com.tests.NewTest2.launchChrome(NewTest2.java:20)

